Content-Type: text/plain; charset="utf-8"
MIME-Version: 1.0
Content-Transfer-Encoding: 8bit
Subject: Password reset on 127.0.0.1:8000
From: webmaster@localhost
To: yeung36@purdue.edu
Date: Thu, 26 Oct 2023 20:04:02 -0000
Message-ID: <169835064265.18135.13602669645717008480@Joies-MacBook-Air.local>


You're receiving this email because you requested a password reset for your user account at 127.0.0.1:8000.

Please go to the following page and choose a new password:

http://127.0.0.1:8000/accounts/reset/MQ/bwp12q-36751bcd04efc39b36bd250b33a71ac1/

Your username, in case you’ve forgotten: joieyeung

Thanks for using our site!

The 127.0.0.1:8000 team



-------------------------------------------------------------------------------
Content-Type: text/plain; charset="utf-8"
MIME-Version: 1.0
Content-Transfer-Encoding: 8bit
Subject: Password reset on 127.0.0.1:8000
From: webmaster@localhost
To: yeung36@purdue.edu
Date: Thu, 26 Oct 2023 20:04:02 -0000
Message-ID: <169835064265.18135.6813823862237458985@Joies-MacBook-Air.local>


You're receiving this email because you requested a password reset for your user account at 127.0.0.1:8000.

Please go to the following page and choose a new password:

http://127.0.0.1:8000/accounts/reset/Mg/bwp12q-9fb4b68561cb1a1bba740ba071bc02a8/

Your username, in case you’ve forgotten: yeung36

Thanks for using our site!

The 127.0.0.1:8000 team



-------------------------------------------------------------------------------
